<?xml version="1.0" encoding="UTF-8"?>
<!-- Generated by org.testng.reporters.JUnitReportReporter -->
<testsuite hostname="Neena" failures="0" tests="1" name="com.sevenrmartsupermarket.tests.LoginTest" time="5.399" errors="0" timestamp="2024-11-22T13:16:06 IST" skipped="0">
  <testcase classname="com.sevenrmartsupermarket.tests.LoginTest" name="verifyloginButtonIsEnabled" time="5.399"/>
  <system-out/>
</testsuite> <!-- com.sevenrmartsupermarket.tests.LoginTest -->
